[0.056s] Invoking command in '/home/bartek/prosty_robot_ws/build/prosty_robot_description': CMAKE_PREFIX_PATH=/opt/ros/humble /usr/bin/cmake /home/bartek/prosty_robot_ws/src/prosty_robot_description -DCMAKE_INSTALL_PREFIX=/home/bartek/prosty_robot_ws/install/prosty_robot_description
[0.105s] -- The C compiler identification is GNU 11.4.0
[0.156s] -- The CXX compiler identification is GNU 11.4.0
[0.163s] -- Detecting C compiler ABI info
[0.226s] -- Detecting C compiler ABI info - done
[0.233s] -- Check for working C compiler: /usr/bin/cc - skipped
[0.234s] -- Detecting C compile features
[0.234s] -- Detecting C compile features - done
[0.237s] -- Detecting CXX compiler ABI info
[0.312s] -- Detecting CXX compiler ABI info - done
[0.319s] -- Check for working CXX compiler: /usr/bin/c++ - skipped
[0.319s] -- Detecting CXX compile features
[0.320s] -- Detecting CXX compile features - done
[0.322s] -- Found ament_cmake: 1.3.8 (/opt/ros/humble/share/ament_cmake/cmake)
[0.461s] -- Found Python3: /usr/bin/python3 (found version "3.10.12") found components: Interpreter 
[0.543s] -- Found urdf: 2.6.0 (/opt/ros/humble/share/urdf/cmake)
[0.595s] -- Found ament_lint_auto: 0.12.10 (/opt/ros/humble/share/ament_lint_auto/cmake)
[0.670s] -- Added test 'copyright' to check source files copyright and LICENSE
[0.674s] -- Added test 'flake8' to check Python code syntax and style conventions
[0.674s] -- Added test 'lint_cmake' to check CMake code style
[0.675s] -- Added test 'pep257' to check Python code against some of the docstring style conventions in PEP 257
[0.677s] -- Added test 'xmllint' to check XML markup files
[0.678s] -- Configuring done
[0.681s] -- Generating done
[0.681s] -- Build files have been written to: /home/bartek/prosty_robot_ws/build/prosty_robot_description
[0.687s] Invoked command in '/home/bartek/prosty_robot_ws/build/prosty_robot_description' returned '0': CMAKE_PREFIX_PATH=/opt/ros/humble /usr/bin/cmake /home/bartek/prosty_robot_ws/src/prosty_robot_description -DCMAKE_INSTALL_PREFIX=/home/bartek/prosty_robot_ws/install/prosty_robot_description
[0.689s] Invoking command in '/home/bartek/prosty_robot_ws/build/prosty_robot_description': CMAKE_PREFIX_PATH=/opt/ros/humble /usr/bin/cmake --build /home/bartek/prosty_robot_ws/build/prosty_robot_description -- -j6 -l6
[0.725s] Invoked command in '/home/bartek/prosty_robot_ws/build/prosty_robot_description' returned '0': CMAKE_PREFIX_PATH=/opt/ros/humble /usr/bin/cmake --build /home/bartek/prosty_robot_ws/build/prosty_robot_description -- -j6 -l6
[0.753s] Invoking command in '/home/bartek/prosty_robot_ws/build/prosty_robot_description': CMAKE_PREFIX_PATH=/opt/ros/humble /usr/bin/cmake --install /home/bartek/prosty_robot_ws/build/prosty_robot_description
[0.760s] -- Install configuration: ""
[0.760s] -- Installing: /home/bartek/prosty_robot_ws/install/prosty_robot_description/share/prosty_robot_description/launch
[0.760s] -- Installing: /home/bartek/prosty_robot_ws/install/prosty_robot_description/share/prosty_robot_description/launch/gazebo.launch.py
[0.760s] -- Installing: /home/bartek/prosty_robot_ws/install/prosty_robot_description/share/prosty_robot_description/launch/controller.yaml
[0.760s] -- Installing: /home/bartek/prosty_robot_ws/install/prosty_robot_description/share/prosty_robot_description/launch/display.launch
[0.761s] -- Installing: /home/bartek/prosty_robot_ws/install/prosty_robot_description/share/prosty_robot_description/launch/gazebo.launch
[0.761s] -- Installing: /home/bartek/prosty_robot_ws/install/prosty_robot_description/share/prosty_robot_description/launch/controller.launch
[0.761s] -- Installing: /home/bartek/prosty_robot_ws/install/prosty_robot_description/share/prosty_robot_description/launch/urdf.rviz
[0.761s] -- Installing: /home/bartek/prosty_robot_ws/install/prosty_robot_description/share/prosty_robot_description/launch/display.launch.py
[0.761s] -- Installing: /home/bartek/prosty_robot_ws/install/prosty_robot_description/share/prosty_robot_description/meshes
[0.761s] -- Installing: /home/bartek/prosty_robot_ws/install/prosty_robot_description/share/prosty_robot_description/meshes/right_wheel_1.stl
[0.762s] -- Installing: /home/bartek/prosty_robot_ws/install/prosty_robot_description/share/prosty_robot_description/meshes/base_link.stl
[0.762s] -- Installing: /home/bartek/prosty_robot_ws/install/prosty_robot_description/share/prosty_robot_description/meshes/left_wheel_1.stl
[0.764s] -- Installing: /home/bartek/prosty_robot_ws/install/prosty_robot_description/share/prosty_robot_description/meshes/caster_wheel_1.stl
[0.764s] [31mCMake Error at cmake_install.cmake:46 (file):
[0.764s]   file INSTALL cannot find
[0.765s]   "/home/bartek/prosty_robot_ws/src/prosty_robot_description/models": No such
[0.765s]   file or directory.
[0.765s] 
[0.765s] [0m
[0.766s] Invoked command in '/home/bartek/prosty_robot_ws/build/prosty_robot_description' returned '1': CMAKE_PREFIX_PATH=/opt/ros/humble /usr/bin/cmake --install /home/bartek/prosty_robot_ws/build/prosty_robot_description
