[1.044s] Invoking command in '/home/bartek/prosty_robot_ws/build/prosty_robot_description': CMAKE_PREFIX_PATH=/opt/ros/humble /usr/bin/cmake --build /home/bartek/prosty_robot_ws/build/prosty_robot_description -- -j6 -l6
[3.800s] [35m[1mConsolidate compiler generated dependencies of target simple_controller[0m
[3.854s] [ 50%] [32mBuilding CXX object CMakeFiles/simple_controller.dir/src/simple_controller.cpp.o[0m
[14.598s] [100%] [32m[1mLinking CXX executable simple_controller[0m
[17.573s] [100%] Built target simple_controller
[17.644s] Invoked command in '/home/bartek/prosty_robot_ws/build/prosty_robot_description' returned '0': CMAKE_PREFIX_PATH=/opt/ros/humble /usr/bin/cmake --build /home/bartek/prosty_robot_ws/build/prosty_robot_description -- -j6 -l6
[17.720s] Invoking command in '/home/bartek/prosty_robot_ws/build/prosty_robot_description': CMAKE_PREFIX_PATH=/opt/ros/humble /usr/bin/cmake --install /home/bartek/prosty_robot_ws/build/prosty_robot_description
[17.756s] -- Install configuration: ""
[17.760s] -- Up-to-date: /home/bartek/prosty_robot_ws/install/prosty_robot_description/include/include
[17.761s] -- Up-to-date: /home/bartek/prosty_robot_ws/install/prosty_robot_description/include/include/prosty_robot_description
[17.761s] -- Up-to-date: /home/bartek/prosty_robot_ws/install/prosty_robot_description/include/include/prosty_robot_description/simple_controller.hpp
[17.810s] -- Installing: /home/bartek/prosty_robot_ws/install/prosty_robot_description/lib/prosty_robot_description/simple_controller
[17.825s] -- Set runtime path of "/home/bartek/prosty_robot_ws/install/prosty_robot_description/lib/prosty_robot_description/simple_controller" to ""
[17.825s] -- Up-to-date: /home/bartek/prosty_robot_ws/install/prosty_robot_description/share/prosty_robot_description/launch
[17.826s] -- Up-to-date: /home/bartek/prosty_robot_ws/install/prosty_robot_description/share/prosty_robot_description/launch/gazebo.launch.py
[17.826s] -- Up-to-date: /home/bartek/prosty_robot_ws/install/prosty_robot_description/share/prosty_robot_description/launch/urdf.rviz
[17.826s] -- Up-to-date: /home/bartek/prosty_robot_ws/install/prosty_robot_description/share/prosty_robot_description/launch/display.launch.py
[17.826s] -- Up-to-date: /home/bartek/prosty_robot_ws/install/prosty_robot_description/share/prosty_robot_description/meshes
[17.826s] -- Up-to-date: /home/bartek/prosty_robot_ws/install/prosty_robot_description/share/prosty_robot_description/meshes/right_wheel_1.stl
[17.826s] -- Up-to-date: /home/bartek/prosty_robot_ws/install/prosty_robot_description/share/prosty_robot_description/meshes/base_link.stl
[17.826s] -- Up-to-date: /home/bartek/prosty_robot_ws/install/prosty_robot_description/share/prosty_robot_description/meshes/left_wheel_1.stl
[17.826s] -- Up-to-date: /home/bartek/prosty_robot_ws/install/prosty_robot_description/share/prosty_robot_description/meshes/caster_wheel_1.stl
[17.827s] -- Up-to-date: /home/bartek/prosty_robot_ws/install/prosty_robot_description/share/prosty_robot_description/models
[17.827s] -- Up-to-date: /home/bartek/prosty_robot_ws/install/prosty_robot_description/share/prosty_robot_description/models/ground_plane
[17.827s] -- Up-to-date: /home/bartek/prosty_robot_ws/install/prosty_robot_description/share/prosty_robot_description/models/ground_plane/model.sdf
[17.828s] -- Up-to-date: /home/bartek/prosty_robot_ws/install/prosty_robot_description/share/prosty_robot_description/models/ground_plane/model-1_3.sdf
[17.828s] -- Up-to-date: /home/bartek/prosty_robot_ws/install/prosty_robot_description/share/prosty_robot_description/models/ground_plane/model-1_4.sdf
[17.828s] -- Up-to-date: /home/bartek/prosty_robot_ws/install/prosty_robot_description/share/prosty_robot_description/models/ground_plane/model-1_2.sdf
[17.828s] -- Up-to-date: /home/bartek/prosty_robot_ws/install/prosty_robot_description/share/prosty_robot_description/models/ground_plane/model.config
[17.828s] -- Up-to-date: /home/bartek/prosty_robot_ws/install/prosty_robot_description/share/prosty_robot_description/models/sun
[17.828s] -- Up-to-date: /home/bartek/prosty_robot_ws/install/prosty_robot_description/share/prosty_robot_description/models/sun/model.sdf
[17.828s] -- Up-to-date: /home/bartek/prosty_robot_ws/install/prosty_robot_description/share/prosty_robot_description/models/sun/model-1_3.sdf
[17.828s] -- Up-to-date: /home/bartek/prosty_robot_ws/install/prosty_robot_description/share/prosty_robot_description/models/sun/model-1_4.sdf
[17.828s] -- Up-to-date: /home/bartek/prosty_robot_ws/install/prosty_robot_description/share/prosty_robot_description/models/sun/model-1_2.sdf
[17.829s] -- Up-to-date: /home/bartek/prosty_robot_ws/install/prosty_robot_description/share/prosty_robot_description/models/sun/model.config
[17.829s] -- Up-to-date: /home/bartek/prosty_robot_ws/install/prosty_robot_description/share/prosty_robot_description/urdf
[17.829s] -- Up-to-date: /home/bartek/prosty_robot_ws/install/prosty_robot_description/share/prosty_robot_description/urdf/prosty_robot_control.xacro
[17.829s] -- Up-to-date: /home/bartek/prosty_robot_ws/install/prosty_robot_description/share/prosty_robot_description/urdf/prosty_robot_controllers.yaml
[17.829s] -- Up-to-date: /home/bartek/prosty_robot_ws/install/prosty_robot_description/share/prosty_robot_description/urdf/materials.xacro
[17.829s] -- Up-to-date: /home/bartek/prosty_robot_ws/install/prosty_robot_description/share/prosty_robot_description/urdf/prosty_robot.xacro
[17.829s] -- Up-to-date: /home/bartek/prosty_robot_ws/install/prosty_robot_description/share/prosty_robot_description/urdf/prosty_robot.gazebo
[17.830s] -- Up-to-date: /home/bartek/prosty_robot_ws/install/prosty_robot_description/share/prosty_robot_description/rviz
[17.831s] -- Up-to-date: /home/bartek/prosty_robot_ws/install/prosty_robot_description/share/prosty_robot_description/rviz/urdf.rviz
[17.831s] -- Up-to-date: /home/bartek/prosty_robot_ws/install/prosty_robot_description/share/ament_index/resource_index/package_run_dependencies/prosty_robot_description
[17.831s] -- Up-to-date: /home/bartek/prosty_robot_ws/install/prosty_robot_description/share/ament_index/resource_index/parent_prefix_path/prosty_robot_description
[17.832s] -- Up-to-date: /home/bartek/prosty_robot_ws/install/prosty_robot_description/share/prosty_robot_description/environment/ament_prefix_path.sh
[17.832s] -- Up-to-date: /home/bartek/prosty_robot_ws/install/prosty_robot_description/share/prosty_robot_description/environment/ament_prefix_path.dsv
[17.832s] -- Up-to-date: /home/bartek/prosty_robot_ws/install/prosty_robot_description/share/prosty_robot_description/environment/path.sh
[17.833s] -- Up-to-date: /home/bartek/prosty_robot_ws/install/prosty_robot_description/share/prosty_robot_description/environment/path.dsv
[17.833s] -- Up-to-date: /home/bartek/prosty_robot_ws/install/prosty_robot_description/share/prosty_robot_description/local_setup.bash
[17.833s] -- Up-to-date: /home/bartek/prosty_robot_ws/install/prosty_robot_description/share/prosty_robot_description/local_setup.sh
[17.833s] -- Up-to-date: /home/bartek/prosty_robot_ws/install/prosty_robot_description/share/prosty_robot_description/local_setup.zsh
[17.834s] -- Up-to-date: /home/bartek/prosty_robot_ws/install/prosty_robot_description/share/prosty_robot_description/local_setup.dsv
[17.834s] -- Installing: /home/bartek/prosty_robot_ws/install/prosty_robot_description/share/prosty_robot_description/package.dsv
[17.834s] -- Up-to-date: /home/bartek/prosty_robot_ws/install/prosty_robot_description/share/ament_index/resource_index/packages/prosty_robot_description
[17.835s] -- Up-to-date: /home/bartek/prosty_robot_ws/install/prosty_robot_description/share/prosty_robot_description/cmake/prosty_robot_descriptionConfig.cmake
[17.835s] -- Up-to-date: /home/bartek/prosty_robot_ws/install/prosty_robot_description/share/prosty_robot_description/cmake/prosty_robot_descriptionConfig-version.cmake
[17.835s] -- Up-to-date: /home/bartek/prosty_robot_ws/install/prosty_robot_description/share/prosty_robot_description/package.xml
[17.835s] Invoked command in '/home/bartek/prosty_robot_ws/build/prosty_robot_description' returned '0': CMAKE_PREFIX_PATH=/opt/ros/humble /usr/bin/cmake --install /home/bartek/prosty_robot_ws/build/prosty_robot_description
