[0.061s] Invoking command in '/home/bartek/prosty_robot_ws/build/prosty_robot_description': CMAKE_PREFIX_PATH=/opt/ros/humble /usr/bin/cmake --build /home/bartek/prosty_robot_ws/build/prosty_robot_description -- -j6 -l6
[0.119s] [100%] Built target simple_controller
[0.130s] Invoked command in '/home/bartek/prosty_robot_ws/build/prosty_robot_description' returned '0': CMAKE_PREFIX_PATH=/opt/ros/humble /usr/bin/cmake --build /home/bartek/prosty_robot_ws/build/prosty_robot_description -- -j6 -l6
[0.164s] Invoking command in '/home/bartek/prosty_robot_ws/build/prosty_robot_description': CMAKE_PREFIX_PATH=/opt/ros/humble /usr/bin/cmake --install /home/bartek/prosty_robot_ws/build/prosty_robot_description
[0.170s] -- Install configuration: ""
[0.171s] -- Up-to-date: /home/bartek/prosty_robot_ws/install/prosty_robot_description/include/include
[0.171s] -- Up-to-date: /home/bartek/prosty_robot_ws/install/prosty_robot_description/include/include/prosty_robot_description
[0.171s] -- Up-to-date: /home/bartek/prosty_robot_ws/install/prosty_robot_description/include/include/prosty_robot_description/simple_controller.hpp
[0.171s] -- Up-to-date: /home/bartek/prosty_robot_ws/install/prosty_robot_description/lib/prosty_robot_description/simple_controller
[0.171s] -- Up-to-date: /home/bartek/prosty_robot_ws/install/prosty_robot_description/share/prosty_robot_description/launch
[0.171s] -- Installing: /home/bartek/prosty_robot_ws/install/prosty_robot_description/share/prosty_robot_description/launch/gazebo.launch.py
[0.171s] -- Up-to-date: /home/bartek/prosty_robot_ws/install/prosty_robot_description/share/prosty_robot_description/launch/urdf.rviz
[0.171s] -- Up-to-date: /home/bartek/prosty_robot_ws/install/prosty_robot_description/share/prosty_robot_description/launch/display.launch.py
[0.171s] -- Up-to-date: /home/bartek/prosty_robot_ws/install/prosty_robot_description/share/prosty_robot_description/meshes
[0.171s] -- Up-to-date: /home/bartek/prosty_robot_ws/install/prosty_robot_description/share/prosty_robot_description/meshes/right_wheel_1.stl
[0.171s] -- Up-to-date: /home/bartek/prosty_robot_ws/install/prosty_robot_description/share/prosty_robot_description/meshes/base_link.stl
[0.171s] -- Up-to-date: /home/bartek/prosty_robot_ws/install/prosty_robot_description/share/prosty_robot_description/meshes/left_wheel_1.stl
[0.172s] -- Up-to-date: /home/bartek/prosty_robot_ws/install/prosty_robot_description/share/prosty_robot_description/meshes/caster_wheel_1.stl
[0.172s] -- Up-to-date: /home/bartek/prosty_robot_ws/install/prosty_robot_description/share/prosty_robot_description/models
[0.172s] -- Up-to-date: /home/bartek/prosty_robot_ws/install/prosty_robot_description/share/prosty_robot_description/models/ground_plane
[0.172s] -- Up-to-date: /home/bartek/prosty_robot_ws/install/prosty_robot_description/share/prosty_robot_description/models/ground_plane/model.sdf
[0.172s] -- Up-to-date: /home/bartek/prosty_robot_ws/install/prosty_robot_description/share/prosty_robot_description/models/ground_plane/model-1_3.sdf
[0.172s] -- Up-to-date: /home/bartek/prosty_robot_ws/install/prosty_robot_description/share/prosty_robot_description/models/ground_plane/model-1_4.sdf
[0.172s] -- Up-to-date: /home/bartek/prosty_robot_ws/install/prosty_robot_description/share/prosty_robot_description/models/ground_plane/model-1_2.sdf
[0.172s] -- Up-to-date: /home/bartek/prosty_robot_ws/install/prosty_robot_description/share/prosty_robot_description/models/ground_plane/model.config
[0.172s] -- Up-to-date: /home/bartek/prosty_robot_ws/install/prosty_robot_description/share/prosty_robot_description/models/sun
[0.172s] -- Up-to-date: /home/bartek/prosty_robot_ws/install/prosty_robot_description/share/prosty_robot_description/models/sun/model.sdf
[0.173s] -- Up-to-date: /home/bartek/prosty_robot_ws/install/prosty_robot_description/share/prosty_robot_description/models/sun/model-1_3.sdf
[0.173s] -- Up-to-date: /home/bartek/prosty_robot_ws/install/prosty_robot_description/share/prosty_robot_description/models/sun/model-1_4.sdf
[0.173s] -- Up-to-date: /home/bartek/prosty_robot_ws/install/prosty_robot_description/share/prosty_robot_description/models/sun/model-1_2.sdf
[0.173s] -- Up-to-date: /home/bartek/prosty_robot_ws/install/prosty_robot_description/share/prosty_robot_description/models/sun/model.config
[0.173s] -- Up-to-date: /home/bartek/prosty_robot_ws/install/prosty_robot_description/share/prosty_robot_description/urdf
[0.173s] -- Up-to-date: /home/bartek/prosty_robot_ws/install/prosty_robot_description/share/prosty_robot_description/urdf/prosty_robot_control.xacro
[0.173s] -- Up-to-date: /home/bartek/prosty_robot_ws/install/prosty_robot_description/share/prosty_robot_description/urdf/prosty_robot_controllers.yaml
[0.173s] -- Up-to-date: /home/bartek/prosty_robot_ws/install/prosty_robot_description/share/prosty_robot_description/urdf/materials.xacro
[0.173s] -- Up-to-date: /home/bartek/prosty_robot_ws/install/prosty_robot_description/share/prosty_robot_description/urdf/prosty_robot.xacro
[0.173s] -- Up-to-date: /home/bartek/prosty_robot_ws/install/prosty_robot_description/share/prosty_robot_description/urdf/prosty_robot.gazebo
[0.173s] -- Up-to-date: /home/bartek/prosty_robot_ws/install/prosty_robot_description/share/prosty_robot_description/rviz
[0.173s] -- Up-to-date: /home/bartek/prosty_robot_ws/install/prosty_robot_description/share/prosty_robot_description/rviz/urdf.rviz
[0.173s] -- Up-to-date: /home/bartek/prosty_robot_ws/install/prosty_robot_description/share/ament_index/resource_index/package_run_dependencies/prosty_robot_description
[0.174s] -- Up-to-date: /home/bartek/prosty_robot_ws/install/prosty_robot_description/share/ament_index/resource_index/parent_prefix_path/prosty_robot_description
[0.174s] -- Up-to-date: /home/bartek/prosty_robot_ws/install/prosty_robot_description/share/prosty_robot_description/environment/ament_prefix_path.sh
[0.174s] -- Up-to-date: /home/bartek/prosty_robot_ws/install/prosty_robot_description/share/prosty_robot_description/environment/ament_prefix_path.dsv
[0.174s] -- Up-to-date: /home/bartek/prosty_robot_ws/install/prosty_robot_description/share/prosty_robot_description/environment/path.sh
[0.174s] -- Up-to-date: /home/bartek/prosty_robot_ws/install/prosty_robot_description/share/prosty_robot_description/environment/path.dsv
[0.174s] -- Up-to-date: /home/bartek/prosty_robot_ws/install/prosty_robot_description/share/prosty_robot_description/local_setup.bash
[0.175s] -- Up-to-date: /home/bartek/prosty_robot_ws/install/prosty_robot_description/share/prosty_robot_description/local_setup.sh
[0.175s] -- Up-to-date: /home/bartek/prosty_robot_ws/install/prosty_robot_description/share/prosty_robot_description/local_setup.zsh
[0.175s] -- Up-to-date: /home/bartek/prosty_robot_ws/install/prosty_robot_description/share/prosty_robot_description/local_setup.dsv
[0.175s] -- Installing: /home/bartek/prosty_robot_ws/install/prosty_robot_description/share/prosty_robot_description/package.dsv
[0.175s] -- Up-to-date: /home/bartek/prosty_robot_ws/install/prosty_robot_description/share/ament_index/resource_index/packages/prosty_robot_description
[0.175s] -- Up-to-date: /home/bartek/prosty_robot_ws/install/prosty_robot_description/share/prosty_robot_description/cmake/prosty_robot_descriptionConfig.cmake
[0.176s] -- Up-to-date: /home/bartek/prosty_robot_ws/install/prosty_robot_description/share/prosty_robot_description/cmake/prosty_robot_descriptionConfig-version.cmake
[0.176s] -- Up-to-date: /home/bartek/prosty_robot_ws/install/prosty_robot_description/share/prosty_robot_description/package.xml
[0.176s] Invoked command in '/home/bartek/prosty_robot_ws/build/prosty_robot_description' returned '0': CMAKE_PREFIX_PATH=/opt/ros/humble /usr/bin/cmake --install /home/bartek/prosty_robot_ws/build/prosty_robot_description
