[10.920s] DEBUG:colcon:Command line arguments: ['/usr/bin/colcon', 'build']
[10.920s] DEBUG:colcon:Parsed command line arguments: Namespace(log_base=None, log_level=None, verb_name='build', build_base='build', install_base='install', merge_install=False, symlink_install=False, test_result_base=None, continue_on_error=False, executor='parallel', parallel_workers=6, event_handlers=None, ignore_user_meta=False, metas=['./colcon.meta'], base_paths=['.'], packages_ignore=None, packages_ignore_regex=None, paths=None, packages_up_to=None, packages_up_to_regex=None, packages_above=None, packages_above_and_dependencies=None, packages_above_depth=None, packages_select_by_dep=None, packages_skip_by_dep=None, packages_skip_up_to=None, packages_select_build_failed=False, packages_skip_build_finished=False, packages_select_test_failures=False, packages_skip_test_passed=False, packages_select=None, packages_skip=None, packages_select_regex=None, packages_skip_regex=None, packages_start=None, packages_end=None, allow_overriding=[], cmake_args=None, cmake_target=None, cmake_target_skip_unavailable=False, cmake_clean_cache=False, cmake_clean_first=False, cmake_force_configure=False, ament_cmake_args=None, catkin_cmake_args=None, catkin_skip_building_tests=False, verb_parser=<colcon_defaults.argument_parser.defaults.DefaultArgumentsDecorator object at 0x753a380165c0>, verb_extension=<colcon_core.verb.build.BuildVerb object at 0x753a3841ea70>, main=<bound method BuildVerb.main of <colcon_core.verb.build.BuildVerb object at 0x753a3841ea70>>)
[11.046s] Level 1:colcon.colcon_core.package_discovery:discover_packages(colcon_meta) check parameters
[11.046s] Level 1:colcon.colcon_core.package_discovery:discover_packages(recursive) check parameters
[11.046s] Level 1:colcon.colcon_core.package_discovery:discover_packages(ignore) check parameters
[11.046s] Level 1:colcon.colcon_core.package_discovery:discover_packages(path) check parameters
[11.046s] Level 1:colcon.colcon_core.package_discovery:discover_packages(colcon_meta) discover
[11.046s] Level 1:colcon.colcon_core.package_discovery:discover_packages(recursive) discover
[11.046s] INFO:colcon.colcon_core.package_discovery:Crawling recursively for packages in '/home/bartek/prosty_robot_ws'
[11.046s] Level 1:colcon.colcon_core.package_identification:_identify(.) by extensions ['ignore', 'ignore_ament_install']
[11.046s] Level 1:colcon.colcon_core.package_identification:_identify(.) by extension 'ignore'
[11.046s] Level 1:colcon.colcon_core.package_identification:_identify(.) by extension 'ignore_ament_install'
[11.046s] Level 1:colcon.colcon_core.package_identification:_identify(.) by extensions ['colcon_pkg']
[11.046s] Level 1:colcon.colcon_core.package_identification:_identify(.) by extension 'colcon_pkg'
[11.046s] Level 1:colcon.colcon_core.package_identification:_identify(.) by extensions ['colcon_meta']
[11.046s] Level 1:colcon.colcon_core.package_identification:_identify(.) by extension 'colcon_meta'
[11.046s] Level 1:colcon.colcon_core.package_identification:_identify(.) by extensions ['ros']
[11.046s] Level 1:colcon.colcon_core.package_identification:_identify(.) by extension 'ros'
[11.057s] Level 1:colcon.colcon_core.package_identification:_identify(.) by extensions ['cmake', 'python']
[11.057s] Level 1:colcon.colcon_core.package_identification:_identify(.) by extension 'cmake'
[11.057s] Level 1:colcon.colcon_core.package_identification:_identify(.) by extension 'python'
[11.057s] Level 1:colcon.colcon_core.package_identification:_identify(.) by extensions ['python_setup_py']
[11.057s] Level 1:colcon.colcon_core.package_identification:_identify(.) by extension 'python_setup_py'
[11.057s] Level 1:colcon.colcon_core.package_identification:_identify(build) by extensions ['ignore', 'ignore_ament_install']
[11.057s] Level 1:colcon.colcon_core.package_identification:_identify(build) by extension 'ignore'
[11.057s] Level 1:colcon.colcon_core.package_identification:_identify(build) ignored
[11.057s] Level 1:colcon.colcon_core.package_identification:_identify(install) by extensions ['ignore', 'ignore_ament_install']
[11.057s] Level 1:colcon.colcon_core.package_identification:_identify(install) by extension 'ignore'
[11.057s] Level 1:colcon.colcon_core.package_identification:_identify(install) ignored
[11.057s] Level 1:colcon.colcon_core.package_identification:_identify(log) by extensions ['ignore', 'ignore_ament_install']
[11.058s] Level 1:colcon.colcon_core.package_identification:_identify(log) by extension 'ignore'
[11.058s] Level 1:colcon.colcon_core.package_identification:_identify(log) ignored
[11.058s] Level 1:colcon.colcon_core.package_identification:_identify(src) by extensions ['ignore', 'ignore_ament_install']
[11.058s] Level 1:colcon.colcon_core.package_identification:_identify(src) by extension 'ignore'
[11.058s] Level 1:colcon.colcon_core.package_identification:_identify(src) by extension 'ignore_ament_install'
[11.058s] Level 1:colcon.colcon_core.package_identification:_identify(src) by extensions ['colcon_pkg']
[11.058s] Level 1:colcon.colcon_core.package_identification:_identify(src) by extension 'colcon_pkg'
[11.058s] Level 1:colcon.colcon_core.package_identification:_identify(src) by extensions ['colcon_meta']
[11.058s] Level 1:colcon.colcon_core.package_identification:_identify(src) by extension 'colcon_meta'
[11.058s] Level 1:colcon.colcon_core.package_identification:_identify(src) by extensions ['ros']
[11.058s] Level 1:colcon.colcon_core.package_identification:_identify(src) by extension 'ros'
[11.058s] Level 1:colcon.colcon_core.package_identification:_identify(src) by extensions ['cmake', 'python']
[11.058s] Level 1:colcon.colcon_core.package_identification:_identify(src) by extension 'cmake'
[11.058s] Level 1:colcon.colcon_core.package_identification:_identify(src) by extension 'python'
[11.058s] Level 1:colcon.colcon_core.package_identification:_identify(src) by extensions ['python_setup_py']
[11.058s] Level 1:colcon.colcon_core.package_identification:_identify(src) by extension 'python_setup_py'
[11.058s] Level 1:colcon.colcon_core.package_identification:_identify(src/prosty_robot_description) by extensions ['ignore', 'ignore_ament_install']
[11.058s] Level 1:colcon.colcon_core.package_identification:_identify(src/prosty_robot_description) by extension 'ignore'
[11.059s] Level 1:colcon.colcon_core.package_identification:_identify(src/prosty_robot_description) by extension 'ignore_ament_install'
[11.059s] Level 1:colcon.colcon_core.package_identification:_identify(src/prosty_robot_description) by extensions ['colcon_pkg']
[11.059s] Level 1:colcon.colcon_core.package_identification:_identify(src/prosty_robot_description) by extension 'colcon_pkg'
[11.059s] Level 1:colcon.colcon_core.package_identification:_identify(src/prosty_robot_description) by extensions ['colcon_meta']
[11.059s] Level 1:colcon.colcon_core.package_identification:_identify(src/prosty_robot_description) by extension 'colcon_meta'
[11.059s] Level 1:colcon.colcon_core.package_identification:_identify(src/prosty_robot_description) by extensions ['ros']
[11.059s] Level 1:colcon.colcon_core.package_identification:_identify(src/prosty_robot_description) by extension 'ros'
[11.061s] DEBUG:colcon.colcon_core.package_identification:Package 'src/prosty_robot_description' with type 'ros.ament_cmake' and name 'prosty_robot_description'
[11.061s] Level 1:colcon.colcon_core.package_discovery:discover_packages(recursive) using defaults
[11.061s] Level 1:colcon.colcon_core.package_discovery:discover_packages(ignore) discover
[11.061s] Level 1:colcon.colcon_core.package_discovery:discover_packages(ignore) using defaults
[11.061s] Level 1:colcon.colcon_core.package_discovery:discover_packages(path) discover
[11.061s] Level 1:colcon.colcon_core.package_discovery:discover_packages(path) using defaults
[11.166s] Level 1:colcon.colcon_core.package_discovery:discover_packages(prefix_path) check parameters
[11.166s] Level 1:colcon.colcon_core.package_discovery:discover_packages(prefix_path) discover
[11.282s] DEBUG:colcon.colcon_installed_package_information.package_discovery:Found 395 installed packages in /opt/ros/humble
[11.286s] Level 1:colcon.colcon_core.package_discovery:discover_packages(prefix_path) using defaults
[11.478s] Level 5:colcon.colcon_core.verb:set package 'prosty_robot_description' build argument 'cmake_args' from command line to 'None'
[11.478s] Level 5:colcon.colcon_core.verb:set package 'prosty_robot_description' build argument 'cmake_target' from command line to 'None'
[11.478s] Level 5:colcon.colcon_core.verb:set package 'prosty_robot_description' build argument 'cmake_target_skip_unavailable' from command line to 'False'
[11.478s] Level 5:colcon.colcon_core.verb:set package 'prosty_robot_description' build argument 'cmake_clean_cache' from command line to 'False'
[11.478s] Level 5:colcon.colcon_core.verb:set package 'prosty_robot_description' build argument 'cmake_clean_first' from command line to 'False'
[11.478s] Level 5:colcon.colcon_core.verb:set package 'prosty_robot_description' build argument 'cmake_force_configure' from command line to 'False'
[11.478s] Level 5:colcon.colcon_core.verb:set package 'prosty_robot_description' build argument 'ament_cmake_args' from command line to 'None'
[11.478s] Level 5:colcon.colcon_core.verb:set package 'prosty_robot_description' build argument 'catkin_cmake_args' from command line to 'None'
[11.478s] Level 5:colcon.colcon_core.verb:set package 'prosty_robot_description' build argument 'catkin_skip_building_tests' from command line to 'False'
[11.478s] DEBUG:colcon.colcon_core.verb:Building package 'prosty_robot_description' with the following arguments: {'ament_cmake_args': None, 'build_base': '/home/bartek/prosty_robot_ws/build/prosty_robot_description', 'catkin_cmake_args': None, 'catkin_skip_building_tests': False, 'cmake_args': None, 'cmake_clean_cache': False, 'cmake_clean_first': False, 'cmake_force_configure': False, 'cmake_target': None, 'cmake_target_skip_unavailable': False, 'install_base': '/home/bartek/prosty_robot_ws/install/prosty_robot_description', 'merge_install': False, 'path': '/home/bartek/prosty_robot_ws/src/prosty_robot_description', 'symlink_install': False, 'test_result_base': None}
[11.494s] INFO:colcon.colcon_core.executor:Executing jobs using 'parallel' executor
[11.510s] DEBUG:colcon.colcon_parallel_executor.executor.parallel:run_until_complete
[11.510s] INFO:colcon.colcon_ros.task.ament_cmake.build:Building ROS package in '/home/bartek/prosty_robot_ws/src/prosty_robot_description' with build type 'ament_cmake'
[11.511s] INFO:colcon.colcon_cmake.task.cmake.build:Building CMake package in '/home/bartek/prosty_robot_ws/src/prosty_robot_description'
[12.107s] INFO:colcon.colcon_core.plugin_system:Skipping extension 'colcon_core.shell.bat': Not used on non-Windows systems
[12.108s] INFO:colcon.colcon_core.shell:Skip shell extension 'powershell' for command environment: Not usable outside of PowerShell
[12.108s] DEBUG:colcon.colcon_core.shell:Skip shell extension 'dsv' for command environment
[12.556s] DEBUG:colcon.colcon_core.event_handler.log_command:Invoking command in '/home/bartek/prosty_robot_ws/build/prosty_robot_description': CMAKE_PREFIX_PATH=/opt/ros/humble /usr/bin/cmake --build /home/bartek/prosty_robot_ws/build/prosty_robot_description -- -j6 -l6
[29.156s] DEBUG:colcon.colcon_core.event_handler.log_command:Invoked command in '/home/bartek/prosty_robot_ws/build/prosty_robot_description' returned '0': CMAKE_PREFIX_PATH=/opt/ros/humble /usr/bin/cmake --build /home/bartek/prosty_robot_ws/build/prosty_robot_description -- -j6 -l6
[29.232s] DEBUG:colcon.colcon_core.event_handler.log_command:Invoking command in '/home/bartek/prosty_robot_ws/build/prosty_robot_description': CMAKE_PREFIX_PATH=/opt/ros/humble /usr/bin/cmake --install /home/bartek/prosty_robot_ws/build/prosty_robot_description
[29.341s] Level 1:colcon.colcon_core.environment:create_environment_scripts_only(prosty_robot_description)
[29.346s] DEBUG:colcon.colcon_core.event_handler.log_command:Invoked command in '/home/bartek/prosty_robot_ws/build/prosty_robot_description' returned '0': CMAKE_PREFIX_PATH=/opt/ros/humble /usr/bin/cmake --install /home/bartek/prosty_robot_ws/build/prosty_robot_description
[29.400s] Level 1:colcon.colcon_core.environment:checking '/home/bartek/prosty_robot_ws/install/prosty_robot_description' for CMake module files
[29.402s] Level 1:colcon.colcon_core.environment:checking '/home/bartek/prosty_robot_ws/install/prosty_robot_description' for CMake config files
[29.404s] Level 1:colcon.colcon_core.shell:create_environment_hook('prosty_robot_description', 'cmake_prefix_path')
[29.444s] INFO:colcon.colcon_core.shell:Creating environment hook '/home/bartek/prosty_robot_ws/install/prosty_robot_description/share/prosty_robot_description/hook/cmake_prefix_path.ps1'
[29.457s] INFO:colcon.colcon_core.shell:Creating environment descriptor '/home/bartek/prosty_robot_ws/install/prosty_robot_description/share/prosty_robot_description/hook/cmake_prefix_path.dsv'
[29.464s] INFO:colcon.colcon_core.shell:Creating environment hook '/home/bartek/prosty_robot_ws/install/prosty_robot_description/share/prosty_robot_description/hook/cmake_prefix_path.sh'
[29.465s] Level 1:colcon.colcon_core.environment:checking '/home/bartek/prosty_robot_ws/install/prosty_robot_description/lib'
[29.466s] Level 1:colcon.colcon_core.environment:checking '/home/bartek/prosty_robot_ws/install/prosty_robot_description/bin'
[29.466s] Level 1:colcon.colcon_core.environment:checking '/home/bartek/prosty_robot_ws/install/prosty_robot_description/lib/pkgconfig/prosty_robot_description.pc'
[29.466s] Level 1:colcon.colcon_core.environment:checking '/home/bartek/prosty_robot_ws/install/prosty_robot_description/lib/python3.10/site-packages'
[29.466s] Level 1:colcon.colcon_core.environment:checking '/home/bartek/prosty_robot_ws/install/prosty_robot_description/bin'
[29.485s] INFO:colcon.colcon_core.shell:Creating package script '/home/bartek/prosty_robot_ws/install/prosty_robot_description/share/prosty_robot_description/package.ps1'
[29.486s] INFO:colcon.colcon_core.shell:Creating package descriptor '/home/bartek/prosty_robot_ws/install/prosty_robot_description/share/prosty_robot_description/package.dsv'
[29.488s] INFO:colcon.colcon_core.shell:Creating package script '/home/bartek/prosty_robot_ws/install/prosty_robot_description/share/prosty_robot_description/package.sh'
[29.489s] INFO:colcon.colcon_core.shell:Creating package script '/home/bartek/prosty_robot_ws/install/prosty_robot_description/share/prosty_robot_description/package.bash'
[29.491s] INFO:colcon.colcon_core.shell:Creating package script '/home/bartek/prosty_robot_ws/install/prosty_robot_description/share/prosty_robot_description/package.zsh'
[29.493s] Level 1:colcon.colcon_core.environment:create_file_with_runtime_dependencies(/home/bartek/prosty_robot_ws/install/prosty_robot_description/share/colcon-core/packages/prosty_robot_description)
[29.536s] Level 1:colcon.colcon_core.environment:create_environment_scripts_only(prosty_robot_description)
[29.552s] Level 1:colcon.colcon_core.environment:checking '/home/bartek/prosty_robot_ws/install/prosty_robot_description' for CMake module files
[29.553s] Level 1:colcon.colcon_core.environment:checking '/home/bartek/prosty_robot_ws/install/prosty_robot_description' for CMake config files
[29.553s] Level 1:colcon.colcon_core.shell:create_environment_hook('prosty_robot_description', 'cmake_prefix_path')
[29.570s] INFO:colcon.colcon_core.shell:Creating environment hook '/home/bartek/prosty_robot_ws/install/prosty_robot_description/share/prosty_robot_description/hook/cmake_prefix_path.ps1'
[29.570s] INFO:colcon.colcon_core.shell:Creating environment descriptor '/home/bartek/prosty_robot_ws/install/prosty_robot_description/share/prosty_robot_description/hook/cmake_prefix_path.dsv'
[29.570s] INFO:colcon.colcon_core.shell:Creating environment hook '/home/bartek/prosty_robot_ws/install/prosty_robot_description/share/prosty_robot_description/hook/cmake_prefix_path.sh'
[29.571s] Level 1:colcon.colcon_core.environment:checking '/home/bartek/prosty_robot_ws/install/prosty_robot_description/lib'
[29.571s] Level 1:colcon.colcon_core.environment:checking '/home/bartek/prosty_robot_ws/install/prosty_robot_description/bin'
[29.571s] Level 1:colcon.colcon_core.environment:checking '/home/bartek/prosty_robot_ws/install/prosty_robot_description/lib/pkgconfig/prosty_robot_description.pc'
[29.571s] Level 1:colcon.colcon_core.environment:checking '/home/bartek/prosty_robot_ws/install/prosty_robot_description/lib/python3.10/site-packages'
[29.571s] Level 1:colcon.colcon_core.environment:checking '/home/bartek/prosty_robot_ws/install/prosty_robot_description/bin'
[29.587s] INFO:colcon.colcon_core.shell:Creating package script '/home/bartek/prosty_robot_ws/install/prosty_robot_description/share/prosty_robot_description/package.ps1'
[29.588s] INFO:colcon.colcon_core.shell:Creating package descriptor '/home/bartek/prosty_robot_ws/install/prosty_robot_description/share/prosty_robot_description/package.dsv'
[29.588s] INFO:colcon.colcon_core.shell:Creating package script '/home/bartek/prosty_robot_ws/install/prosty_robot_description/share/prosty_robot_description/package.sh'
[29.588s] INFO:colcon.colcon_core.shell:Creating package script '/home/bartek/prosty_robot_ws/install/prosty_robot_description/share/prosty_robot_description/package.bash'
[29.589s] INFO:colcon.colcon_core.shell:Creating package script '/home/bartek/prosty_robot_ws/install/prosty_robot_description/share/prosty_robot_description/package.zsh'
[29.589s] Level 1:colcon.colcon_core.environment:create_file_with_runtime_dependencies(/home/bartek/prosty_robot_ws/install/prosty_robot_description/share/colcon-core/packages/prosty_robot_description)
[29.589s] DEBUG:colcon.colcon_parallel_executor.executor.parallel:closing loop
[29.589s] DEBUG:colcon.colcon_parallel_executor.executor.parallel:loop closed
[29.589s] DEBUG:colcon.colcon_parallel_executor.executor.parallel:run_until_complete finished with '0'
[29.590s] DEBUG:colcon.colcon_core.event_reactor:joining thread
[29.637s] INFO:colcon.colcon_core.plugin_system:Skipping extension 'colcon_notification.desktop_notification.terminal_notifier': Not used on non-Darwin systems
[29.638s] INFO:colcon.colcon_core.plugin_system:Skipping extension 'colcon_notification.desktop_notification.win32': Not used on non-Windows systems
[29.638s] INFO:colcon.colcon_notification.desktop_notification:Sending desktop notification using 'notify2'
[29.698s] DEBUG:colcon.colcon_core.event_reactor:joined thread
[29.717s] INFO:colcon.colcon_core.shell:Creating prefix script '/home/bartek/prosty_robot_ws/install/local_setup.ps1'
[29.718s] INFO:colcon.colcon_core.shell:Creating prefix util module '/home/bartek/prosty_robot_ws/install/_local_setup_util_ps1.py'
[29.729s] INFO:colcon.colcon_core.shell:Creating prefix chain script '/home/bartek/prosty_robot_ws/install/setup.ps1'
[29.746s] INFO:colcon.colcon_core.shell:Creating prefix script '/home/bartek/prosty_robot_ws/install/local_setup.sh'
[29.748s] INFO:colcon.colcon_core.shell:Creating prefix util module '/home/bartek/prosty_robot_ws/install/_local_setup_util_sh.py'
[29.749s] INFO:colcon.colcon_core.shell:Creating prefix chain script '/home/bartek/prosty_robot_ws/install/setup.sh'
[29.765s] INFO:colcon.colcon_core.shell:Creating prefix script '/home/bartek/prosty_robot_ws/install/local_setup.bash'
[29.767s] INFO:colcon.colcon_core.shell:Creating prefix chain script '/home/bartek/prosty_robot_ws/install/setup.bash'
[29.783s] INFO:colcon.colcon_core.shell:Creating prefix script '/home/bartek/prosty_robot_ws/install/local_setup.zsh'
[29.790s] INFO:colcon.colcon_core.shell:Creating prefix chain script '/home/bartek/prosty_robot_ws/install/setup.zsh'
